<?xml version="1.0" encoding="UTF-8"?>
<testng-results skipped="0" failed="0" total="1" passed="1">
  <reporter-output>
  </reporter-output>
  <suite name="Default suite" duration-ms="11754" started-at="2017-08-24T14:49:28Z" finished-at="2017-08-24T14:49:39Z">
    <groups>
    </groups>
    <test name="Default test" duration-ms="11754" started-at="2017-08-24T14:49:28Z" finished-at="2017-08-24T14:49:39Z">
      <class name="test.Practice">
        <test-method status="PASS" signature="testAuto()[pri:0, instance:test.Practice@7c0e2abd]" name="testAuto" duration-ms="11265" started-at="2017-08-24T20:19:28Z" finished-at="2017-08-24T20:19:39Z">
          <reporter-output>
          </reporter-output>
        </test-method> <!-- testAuto -->
        <test-method status="PASS" signature="diverClose()[pri:0, instance:test.Practice@7c0e2abd]" name="diverClose" is-config="true" duration-ms="434" started-at="2017-08-24T20:19:39Z" finished-at="2017-08-24T20:19:39Z">
          <reporter-output>
          </reporter-output>
        </test-method> <!-- diverClose -->
      </class> <!-- test.Practice -->
    </test> <!-- Default test -->
  </suite> <!-- Default suite -->
</testng-results>
